<?xml version="1.0" encoding="UTF-8"?>
<!-- Generated by org.testng.reporters.JUnitXMLReporter -->
<testsuite hostname="DESKTOP-7HNKN0S" name="Maven Calorie Calculator Suite" tests="3" failures="2" timestamp="9 Apr 2021 09:00:28 GMT" time="0.217" errors="0">
  <testcase name="@BeforeClass LaunchBrowser" time="0.0" classname="com.itc.calc.testcases.CalorieCalculatorDDT_ExcelTestCase">
    <failure type="java.lang.IllegalStateException" message="The driver executable does not exist: F:\Trainings_Apr2021\TL_ITC_SeleniumJava_Apr2021\Selenium_Workspace\MavenProject\.\drivers\chromedriver.exe">
      <![CDATA[java.lang.IllegalStateException: The driver executable does not exist: F:\Trainings_Apr2021\TL_ITC_SeleniumJava_Apr2021\Selenium_Workspace\MavenProject\.\drivers\chromedriver.exe
	at com.google.common.base.Preconditions.checkState(Preconditions.java:585)
	at org.openqa.selenium.remote.service.DriverService.checkExecutable(DriverService.java:137)
	at org.openqa.selenium.remote.service.DriverService.findExecutable(DriverService.java:132)
	at org.openqa.selenium.chrome.ChromeDriverService.access$000(ChromeDriverService.java:35)
	at org.openqa.selenium.chrome.ChromeDriverService$Builder.findDefaultExecutable(ChromeDriverService.java:156)
	at org.openqa.selenium.remote.service.DriverService$Builder.build(DriverService.java:346)
	at org.openqa.selenium.chrome.ChromeDriverService.createDefaultService(ChromeDriverService.java:91)
	at org.openqa.selenium.chrome.ChromeDriver.<init>(ChromeDriver.java:123)
	at com.itc.calc.testcases.CalorieCalculatorDDT_ExcelTestCase.LaunchBrowser(CalorieCalculatorDDT_ExcelTestCase.java:22)
... Removed 24 stack frames]]>
    </failure>
  </testcase> <!-- @BeforeClass LaunchBrowser -->
  <testcase name="@AfterClass CloseBrowser" time="0.0" classname="com.itc.calc.testcases.CalorieCalculatorDDT_ExcelTestCase">
    <skipped/>
  </testcase> <!-- @AfterClass CloseBrowser -->
  <testcase name="EnterCalorieDetails" time="0.0" classname="com.itc.calc.testcases.CalorieCalculatorDDT_ExcelTestCase">
    <skipped/>
  </testcase> <!-- EnterCalorieDetails -->
  <testcase name="EnterCalorieDetails" time="0.004" classname="com.itc.calc.testcases.CalorieCalculatorPageTestCase">
    <failure type="java.lang.IllegalStateException" message="The driver executable does not exist: F:\Trainings_Apr2021\TL_ITC_SeleniumJava_Apr2021\Selenium_Workspace\MavenProject\.\drivers\chromedriver.exe">
      <![CDATA[java.lang.IllegalStateException: The driver executable does not exist: F:\Trainings_Apr2021\TL_ITC_SeleniumJava_Apr2021\Selenium_Workspace\MavenProject\.\drivers\chromedriver.exe
	at com.google.common.base.Preconditions.checkState(Preconditions.java:585)
	at org.openqa.selenium.remote.service.DriverService.checkExecutable(DriverService.java:137)
	at org.openqa.selenium.remote.service.DriverService.findExecutable(DriverService.java:132)
	at org.openqa.selenium.chrome.ChromeDriverService.access$000(ChromeDriverService.java:35)
	at org.openqa.selenium.chrome.ChromeDriverService$Builder.findDefaultExecutable(ChromeDriverService.java:156)
	at org.openqa.selenium.remote.service.DriverService$Builder.build(DriverService.java:346)
	at org.openqa.selenium.chrome.ChromeDriverService.createDefaultService(ChromeDriverService.java:91)
	at org.openqa.selenium.chrome.ChromeDriver.<init>(ChromeDriver.java:123)
	at com.itc.calc.testcases.CalorieCalculatorPageTestCase.EnterCalorieDetails(CalorieCalculatorPageTestCase.java:22)
... Removed 24 stack frames]]>
    </failure>
  </testcase> <!-- EnterCalorieDetails -->
  <testcase name="getScreenshot" time="0.009" classname="com.itc.calc.testcases.CaptureScreenshot">
    <failure type="java.lang.IllegalStateException" message="The driver executable does not exist: F:\Trainings_Apr2021\TL_ITC_SeleniumJava_Apr2021\Selenium_Workspace\MavenProject\.\drivers\chromedriver.exe">
      <![CDATA[java.lang.IllegalStateException: The driver executable does not exist: F:\Trainings_Apr2021\TL_ITC_SeleniumJava_Apr2021\Selenium_Workspace\MavenProject\.\drivers\chromedriver.exe
	at com.google.common.base.Preconditions.checkState(Preconditions.java:585)
	at org.openqa.selenium.remote.service.DriverService.checkExecutable(DriverService.java:137)
	at org.openqa.selenium.remote.service.DriverService.findExecutable(DriverService.java:132)
	at org.openqa.selenium.chrome.ChromeDriverService.access$000(ChromeDriverService.java:35)
	at org.openqa.selenium.chrome.ChromeDriverService$Builder.findDefaultExecutable(ChromeDriverService.java:156)
	at org.openqa.selenium.remote.service.DriverService$Builder.build(DriverService.java:346)
	at org.openqa.selenium.chrome.ChromeDriverService.createDefaultService(ChromeDriverService.java:91)
	at org.openqa.selenium.chrome.ChromeDriver.<init>(ChromeDriver.java:123)
	at com.itc.calc.testcases.CaptureScreenshot.getScreenshot(CaptureScreenshot.java:17)
... Removed 24 stack frames]]>
    </failure>
  </testcase> <!-- getScreenshot -->
</testsuite> <!-- Maven Calorie Calculator Suite -->
